D:\学习\大三上\数字图像处理\LAB\LAB1\GEO_LAB1\DEBUG\GEO_LAB1.EXE
D:\学习\大三上\数字图像处理\LAB\LAB1\GEO_LAB1\DEBUG\GEO_LAB1.ILK
D:\学习\大三上\数字图像处理\LAB\LAB1\GEO_LAB1\DEBUG\GEO_LAB1.PDB
D:\学习\大三上\数字图像处理\Lab\Lab1\Geo_Lab1\Geo_Lab1\Debug\cl.command.1.tlog
D:\学习\大三上\数字图像处理\Lab\Lab1\Geo_Lab1\Geo_Lab1\Debug\CL.read.1.tlog
D:\学习\大三上\数字图像处理\Lab\Lab1\Geo_Lab1\Geo_Lab1\Debug\CL.write.1.tlog
D:\学习\大三上\数字图像处理\LAB\LAB1\GEO_LAB1\GEO_LAB1\DEBUG\GEO_LAB1.EXE.EMBED.MANIFEST
D:\学习\大三上\数字图像处理\LAB\LAB1\GEO_LAB1\GEO_LAB1\DEBUG\GEO_LAB1.EXE.EMBED.MANIFEST.RES
D:\学习\大三上\数字图像处理\LAB\LAB1\GEO_LAB1\GEO_LAB1\DEBUG\GEO_LAB1.EXE.INTERMEDIATE.MANIFEST
D:\学习\大三上\数字图像处理\LAB\LAB1\GEO_LAB1\GEO_LAB1\DEBUG\GEO_LAB1.OBJ
D:\学习\大三上\数字图像处理\LAB\LAB1\GEO_LAB1\GEO_LAB1\DEBUG\GEO_LAB1.PCH
D:\学习\大三上\数字图像处理\LAB\LAB1\GEO_LAB1\GEO_LAB1\DEBUG\GEO_LAB1.RES
D:\学习\大三上\数字图像处理\Lab\Lab1\Geo_Lab1\Geo_Lab1\Debug\Geo_Lab1.vcxprojResolveAssemblyReference.cache
D:\学习\大三上\数字图像处理\Lab\Lab1\Geo_Lab1\Geo_Lab1\Debug\Geo_Lab1.write.1.tlog
D:\学习\大三上\数字图像处理\Lab\Lab1\Geo_Lab1\Geo_Lab1\Debug\Geo_Lab1_manifest.rc
D:\学习\大三上\数字图像处理\LAB\LAB1\GEO_LAB1\GEO_LAB1\DEBUG\GEO_LAB1DOC.OBJ
D:\学习\大三上\数字图像处理\LAB\LAB1\GEO_LAB1\GEO_LAB1\DEBUG\GEO_LAB1VIEW.OBJ
D:\学习\大三上\数字图像处理\LAB\LAB1\GEO_LAB1\GEO_LAB1\DEBUG\GEOMETRICTRANSFORM.OBJ
D:\学习\大三上\数字图像处理\LAB\LAB1\GEO_LAB1\GEO_LAB1\DEBUG\IMGWND.OBJ
D:\学习\大三上\数字图像处理\Lab\Lab1\Geo_Lab1\Geo_Lab1\Debug\link.11588.read.1.tlog
D:\学习\大三上\数字图像处理\Lab\Lab1\Geo_Lab1\Geo_Lab1\Debug\link.11588.write.1.tlog
D:\学习\大三上\数字图像处理\Lab\Lab1\Geo_Lab1\Geo_Lab1\Debug\link.11588-cvtres.read.1.tlog
D:\学习\大三上\数字图像处理\Lab\Lab1\Geo_Lab1\Geo_Lab1\Debug\link.11588-cvtres.write.1.tlog
D:\学习\大三上\数字图像处理\Lab\Lab1\Geo_Lab1\Geo_Lab1\Debug\link.11668.read.1.tlog
D:\学习\大三上\数字图像处理\Lab\Lab1\Geo_Lab1\Geo_Lab1\Debug\link.11668.write.1.tlog
D:\学习\大三上\数字图像处理\Lab\Lab1\Geo_Lab1\Geo_Lab1\Debug\link.11668-cvtres.read.1.tlog
D:\学习\大三上\数字图像处理\Lab\Lab1\Geo_Lab1\Geo_Lab1\Debug\link.11668-cvtres.write.1.tlog
D:\学习\大三上\数字图像处理\Lab\Lab1\Geo_Lab1\Geo_Lab1\Debug\link.19780.read.1.tlog
D:\学习\大三上\数字图像处理\Lab\Lab1\Geo_Lab1\Geo_Lab1\Debug\link.19780.write.1.tlog
D:\学习\大三上\数字图像处理\Lab\Lab1\Geo_Lab1\Geo_Lab1\Debug\link.19780-cvtres.read.1.tlog
D:\学习\大三上\数字图像处理\Lab\Lab1\Geo_Lab1\Geo_Lab1\Debug\link.19780-cvtres.write.1.tlog
D:\学习\大三上\数字图像处理\Lab\Lab1\Geo_Lab1\Geo_Lab1\Debug\link.19812.read.1.tlog
D:\学习\大三上\数字图像处理\Lab\Lab1\Geo_Lab1\Geo_Lab1\Debug\link.19812.write.1.tlog
D:\学习\大三上\数字图像处理\Lab\Lab1\Geo_Lab1\Geo_Lab1\Debug\link.19812-cvtres.read.1.tlog
D:\学习\大三上\数字图像处理\Lab\Lab1\Geo_Lab1\Geo_Lab1\Debug\link.19812-cvtres.write.1.tlog
D:\学习\大三上\数字图像处理\Lab\Lab1\Geo_Lab1\Geo_Lab1\Debug\link.3332.read.1.tlog
D:\学习\大三上\数字图像处理\Lab\Lab1\Geo_Lab1\Geo_Lab1\Debug\link.3332.write.1.tlog
D:\学习\大三上\数字图像处理\Lab\Lab1\Geo_Lab1\Geo_Lab1\Debug\link.3332-cvtres.read.1.tlog
D:\学习\大三上\数字图像处理\Lab\Lab1\Geo_Lab1\Geo_Lab1\Debug\link.3332-cvtres.write.1.tlog
D:\学习\大三上\数字图像处理\Lab\Lab1\Geo_Lab1\Geo_Lab1\Debug\link.4492.read.1.tlog
D:\学习\大三上\数字图像处理\Lab\Lab1\Geo_Lab1\Geo_Lab1\Debug\link.4492.write.1.tlog
D:\学习\大三上\数字图像处理\Lab\Lab1\Geo_Lab1\Geo_Lab1\Debug\link.4492-cvtres.read.1.tlog
D:\学习\大三上\数字图像处理\Lab\Lab1\Geo_Lab1\Geo_Lab1\Debug\link.4492-cvtres.write.1.tlog
D:\学习\大三上\数字图像处理\Lab\Lab1\Geo_Lab1\Geo_Lab1\Debug\link.6296.read.1.tlog
D:\学习\大三上\数字图像处理\Lab\Lab1\Geo_Lab1\Geo_Lab1\Debug\link.6296.write.1.tlog
D:\学习\大三上\数字图像处理\Lab\Lab1\Geo_Lab1\Geo_Lab1\Debug\link.6296-cvtres.read.1.tlog
D:\学习\大三上\数字图像处理\Lab\Lab1\Geo_Lab1\Geo_Lab1\Debug\link.6296-cvtres.write.1.tlog
D:\学习\大三上\数字图像处理\Lab\Lab1\Geo_Lab1\Geo_Lab1\Debug\link.command.1.tlog
D:\学习\大三上\数字图像处理\Lab\Lab1\Geo_Lab1\Geo_Lab1\Debug\link.read.1.tlog
D:\学习\大三上\数字图像处理\Lab\Lab1\Geo_Lab1\Geo_Lab1\Debug\link.write.1.tlog
D:\学习\大三上\数字图像处理\Lab\Lab1\Geo_Lab1\Geo_Lab1\Debug\link-cvtres.read.1.tlog
D:\学习\大三上\数字图像处理\Lab\Lab1\Geo_Lab1\Geo_Lab1\Debug\link-cvtres.write.1.tlog
D:\学习\大三上\数字图像处理\LAB\LAB1\GEO_LAB1\GEO_LAB1\DEBUG\MAINFRM.OBJ
D:\学习\大三上\数字图像处理\Lab\Lab1\Geo_Lab1\Geo_Lab1\Debug\mt.command.1.tlog
D:\学习\大三上\数字图像处理\Lab\Lab1\Geo_Lab1\Geo_Lab1\Debug\mt.read.1.tlog
D:\学习\大三上\数字图像处理\Lab\Lab1\Geo_Lab1\Geo_Lab1\Debug\mt.write.1.tlog
D:\学习\大三上\数字图像处理\Lab\Lab1\Geo_Lab1\Geo_Lab1\Debug\rc.command.1.tlog
D:\学习\大三上\数字图像处理\Lab\Lab1\Geo_Lab1\Geo_Lab1\Debug\rc.read.1.tlog
D:\学习\大三上\数字图像处理\Lab\Lab1\Geo_Lab1\Geo_Lab1\Debug\rc.write.1.tlog
D:\学习\大三上\数字图像处理\LAB\LAB1\GEO_LAB1\GEO_LAB1\DEBUG\STDAFX.OBJ
D:\学习\大三上\数字图像处理\Lab\Lab1\Geo_Lab1\Geo_Lab1\Debug\vc100.idb
D:\学习\大三上\数字图像处理\LAB\LAB1\GEO_LAB1\GEO_LAB1\DEBUG\VC100.PDB
