生成启动时间为 2021/10/31 9:20:36。
     1>项目“D:\学习\大三上\数字图像处理\Lab\Lab1\Geo_Lab1\Geo_Lab1\Geo_Lab1.vcxproj”在节点 2 上(build 个目标)。
     1>InitializeBuildStatus:
         正在创建“Debug\Geo_Lab1.unsuccessfulbuild”，因为已指定“AlwaysCreate”。
       ClCompile:
         所有输出均为最新。
         D:\Program Files (x86)\VC\bin\CL.exe /c /ZI /nologo /W3 /WX- /Od /Oy- /D WIN32 /D _WINDOWS /D _DEBUG /D _UNICODE /D UNICODE /D _AFXDLL /Gm /EHsc /RTC1 /MDd /GS /fp:precise /Zc:wchar_t /Zc:forScope /Yu"StdAfx.h" /Fp"Debug\Geo_Lab1.pch" /Fo"Debug\\" /Fd"Debug\vc100.pdb" /Gd /TP /analyze- /errorReport:prompt GeometricTransform.cpp
         GeometricTransform.cpp
       ResourceCompile:
         所有输出均为最新。
       ManifestResourceCompile:
         所有输出均为最新。
       Link:
         D:\Program Files (x86)\VC\bin\link.exe /ERRORREPORT:PROMPT /OUT:"D:\学习\大三上\数字图像处理\Lab\Lab1\Geo_Lab1\Debug\Geo_Lab1.exe" /INCREMENTAL /NOLOGO /MANIFEST /ManifestFile:"Debug\Geo_Lab1.exe.intermediate.manifest" /MANIFESTUAC:"level='asInvoker' uiAccess='false'" /DEBUG /PDB:"D:\学习\大三上\数字图像处理\Lab\Lab1\Geo_Lab1\Debug\Geo_Lab1.pdb" /SUBSYSTEM:WINDOWS /TLBID:1 /ENTRY:"wWinMainCRTStartup" /DYNAMICBASE /NXCOMPAT /IMPLIB:"D:\学习\大三上\数字图像处理\Lab\Lab1\Geo_Lab1\Debug\Geo_Lab1.lib" /MACHINE:X86 Debug\Geo_Lab1.res
         Debug\Geo_Lab1.exe.embed.manifest.res
         Debug\GeometricTransform.obj
         Debug\Geo_Lab1.obj
         Debug\Geo_Lab1Doc.obj
         Debug\Geo_Lab1View.obj
         Debug\ImgWnd.obj
         Debug\MainFrm.obj
         Debug\RotationDlg.obj
         Debug\ScalingDlg.obj
         Debug\stdafx.obj
         Debug\TranslationDlg.obj
       Manifest:
         C:\Program Files (x86)\Microsoft SDKs\Windows\v7.0A\bin\mt.exe /nologo /verbose /out:"Debug\Geo_Lab1.exe.embed.manifest" /manifest Debug\Geo_Lab1.exe.intermediate.manifest "D:\Program Files (x86)\VC\Include\Manifest\dpiaware.manifest"
         所有输出均为最新。
       LinkEmbedManifest:
         所有输出均为最新。
         Geo_Lab1.vcxproj -> D:\学习\大三上\数字图像处理\Lab\Lab1\Geo_Lab1\Debug\Geo_Lab1.exe
       FinalizeBuildStatus:
         正在删除文件“Debug\Geo_Lab1.unsuccessfulbuild”。
         正在对“Debug\Geo_Lab1.lastbuildstate”执行 Touch 任务。
     1>已完成生成项目“D:\学习\大三上\数字图像处理\Lab\Lab1\Geo_Lab1\Geo_Lab1\Geo_Lab1.vcxproj”(build 个目标)的操作。

生成成功。

已用时间 00:00:01.91
